d:\users\6639\desktop\openglproject\openglproject\openglproject\debug\vc120.pdb
d:\users\6639\desktop\openglproject\openglproject\openglproject\debug\vc120.idb
d:\users\6639\desktop\openglproject\openglproject\openglproject\debug\glad.obj
d:\users\6639\desktop\openglproject\openglproject\openglproject\debug\main.obj
d:\users\6639\desktop\openglproject\openglproject\openglproject\debug\shader.obj
d:\users\6639\desktop\openglproject\openglproject\debug\openglproject.ilk
d:\users\6639\desktop\openglproject\openglproject\debug\openglproject.exe
d:\users\6639\desktop\openglproject\openglproject\debug\openglproject.pdb
d:\users\6639\desktop\openglproject\openglproject\debug\glad.obj
d:\users\6639\desktop\openglproject\openglproject\debug\main.obj
d:\users\6639\desktop\openglproject\openglproject\debug\shader.obj
d:\users\6639\desktop\openglproject\openglproject\debug\vc120.idb
d:\users\6639\desktop\openglproject\openglproject\debug\vc120.pdb
d:\users\6639\desktop\openglproject\debug\openglproject.pdb
d:\users\6639\desktop\openglproject\debug\openglproject.exe
d:\users\6639\desktop\openglproject\debug\openglproject.ilk
d:\users\6639\desktop\openglproject\openglproject\debug\openglproject.tlog\cl.command.1.tlog
d:\users\6639\desktop\openglproject\openglproject\debug\openglproject.tlog\cl.read.1.tlog
d:\users\6639\desktop\openglproject\openglproject\debug\openglproject.tlog\cl.write.1.tlog
d:\users\6639\desktop\openglproject\openglproject\debug\openglproject.tlog\link.command.1.tlog
d:\users\6639\desktop\openglproject\openglproject\debug\openglproject.tlog\link.read.1.tlog
d:\users\6639\desktop\openglproject\openglproject\debug\openglproject.tlog\link.write.1.tlog
